<?xml version="1.0" encoding="UTF-8"?>
<!-- Generated by org.testng.reporters.JUnitReportReporter -->
<testsuite hostname="PSL-8WH4XM3" failures="0" tests="13" name="test.Test_itemDetails" time="183.889" errors="1" timestamp="2022-09-30T15:02:09 IST" skipped="0">
  <testcase classname="test.Test_itemDetails" name="getURL" time="10.826"/>
  <system-out/>
  <testcase classname="test.Test_itemDetails" name="getTitle" time="0.015"/>
  <system-out/>
  <testcase classname="test.Test_itemDetails" name="search" time="10.370"/>
  <system-out/>
  <testcase classname="test.Test_itemDetails" name="getItem" time="6.834"/>
  <system-out/>
  <testcase classname="test.Test_itemDetails" name="slideShow" time="4.520"/>
  <system-out/>
  <testcase classname="test.Test_itemDetails" name="zoomImage" time="27.697"/>
  <system-out/>
  <testcase classname="test.Test_itemDetails" name="discount" time="0.086"/>
  <system-out/>
  <testcase classname="test.Test_itemDetails" name="addToCart" time="5.746"/>
  <system-out/>
  <testcase classname="test.Test_itemDetails" name="addToCartMultiple" time="0.000"/>
  <system-out/>
  <testcase classname="test.Test_itemDetails" name="pincode" time="18.737"/>
  <system-out/>
  <testcase classname="test.Test_itemDetails" name="offers" time="13.040"/>
  <system-out/>
  <testcase classname="test.Test_itemDetails" name="compare" time="50.986"/>
  <system-out/>
  <testcase classname="test.Test_itemDetails" name="dress" time="35.032">
    <error message="Element &lt;img src=&quot;https://www.jiomart.com/images/product/original/rv04ejjsja/ethnic-basket-women-s-crepe-black-color-bandhani-printed-straight-kurti-swatch-rv04ejjsja--1-202206291716.jpg&quot;&gt; could not be scrolled into view
Build info: version: &#039;4.3.0&#039;, revision: &#039;a4995e2c09*&#039;
System info: host: &#039;PSL-8WH4XM3&#039;, ip: &#039;10.44.27.187&#039;, os.name: &#039;Windows 11&#039;, os.arch: &#039;amd64&#039;, os.version: &#039;10.0&#039;, java.version: &#039;17.0.3&#039;
Driver info: org.openqa.selenium.firefox.FirefoxDriver
Command: [c98b4f99-5e4c-4108-a3b5-cb41e1d4f4f1, clickElement {id=187b7b50-4044-4e80-b9cf-8e9ee8450b60}]
Capabilities {acceptInsecureCerts: true, browserName: firefox, browserVersion: 104.0.2, moz:accessibilityChecks: false, moz:buildID: 20220902153754, moz:debuggerAddress: localhost:57745, moz:geckodriverVersion: 0.31.0, moz:headless: false, moz:platformVersion: 10.0, moz:processID: 14836, moz:profile: C:\Users\SHIVAN~1\AppData\L..., moz:shutdownTimeout: 60000, moz:useNonSpecCompliantPointerOrigin: false, moz:webdriverClick: true, moz:windowless: false, pageLoadStrategy: normal, platformName: WINDOWS, proxy: Proxy(), se:cdp: ws://localhost:57745/devtoo..., se:cdpVersion: 85.0, setWindowRect: true, strictFileInteractability: false, timeouts: {implicit: 0, pageLoad: 300000, script: 30000}, unhandledPromptBehavior: dismiss and notify}
Element: [[FirefoxDriver: firefox on WINDOWS (c98b4f99-5e4c-4108-a3b5-cb41e1d4f4f1)] -&gt; xpath: //*[@id=&quot;variant_colour&quot;]/div/ul/li[1]/a/div/img]
Session ID: c98b4f99-5e4c-4108-a3b5-cb41e1d4f4f1" type="org.openqa.selenium.ElementNotInteractableException">
      <![CDATA[org.openqa.selenium.ElementNotInteractableException: Element <img src="https://www.jiomart.com/images/product/original/rv04ejjsja/ethnic-basket-women-s-crepe-black-color-bandhani-printed-straight-kurti-swatch-rv04ejjsja--1-202206291716.jpg"> could not be scrolled into view
Build info: version: '4.3.0', revision: 'a4995e2c09*'
System info: host: 'PSL-8WH4XM3', ip: '10.44.27.187', os.name: 'Windows 11', os.arch: 'amd64', os.version: '10.0', java.version: '17.0.3'
Driver info: org.openqa.selenium.firefox.FirefoxDriver
Command: [c98b4f99-5e4c-4108-a3b5-cb41e1d4f4f1, clickElement {id=187b7b50-4044-4e80-b9cf-8e9ee8450b60}]
Capabilities {acceptInsecureCerts: true, browserName: firefox, browserVersion: 104.0.2, moz:accessibilityChecks: false, moz:buildID: 20220902153754, moz:debuggerAddress: localhost:57745, moz:geckodriverVersion: 0.31.0, moz:headless: false, moz:platformVersion: 10.0, moz:processID: 14836, moz:profile: C:\Users\SHIVAN~1\AppData\L..., moz:shutdownTimeout: 60000, moz:useNonSpecCompliantPointerOrigin: false, moz:webdriverClick: true, moz:windowless: false, pageLoadStrategy: normal, platformName: WINDOWS, proxy: Proxy(), se:cdp: ws://localhost:57745/devtoo..., se:cdpVersion: 85.0, setWindowRect: true, strictFileInteractability: false, timeouts: {implicit: 0, pageLoad: 300000, script: 30000}, unhandledPromptBehavior: dismiss and notify}
Element: [[FirefoxDriver: firefox on WINDOWS (c98b4f99-5e4c-4108-a3b5-cb41e1d4f4f1)] -> xpath: //*[@id="variant_colour"]/div/ul/li[1]/a/div/img]
Session ID: c98b4f99-5e4c-4108-a3b5-cb41e1d4f4f1
at java.base/jdk.internal.reflect.NativeConstructorAccessorImpl.newInstance0(Native Method)
at java.base/jdk.internal.reflect.NativeConstructorAccessorImpl.newInstance(NativeConstructorAccessorImpl.java:77)
at java.base/jdk.internal.reflect.DelegatingConstructorAccessorImpl.newInstance(DelegatingConstructorAccessorImpl.java:45)
at java.base/java.lang.reflect.Constructor.newInstanceWithCaller(Constructor.java:499)
at java.base/java.lang.reflect.Constructor.newInstance(Constructor.java:480)
at org.openqa.selenium.remote.codec.w3c.W3CHttpResponseCodec.createException(W3CHttpResponseCodec.java:200)
at org.openqa.selenium.remote.codec.w3c.W3CHttpResponseCodec.decode(W3CHttpResponseCodec.java:133)
at org.openqa.selenium.remote.codec.w3c.W3CHttpResponseCodec.decode(W3CHttpResponseCodec.java:53)
at org.openqa.selenium.remote.HttpCommandExecutor.execute(HttpCommandExecutor.java:184)
at org.openqa.selenium.remote.service.DriverCommandExecutor.invokeExecute(DriverCommandExecutor.java:167)
at org.openqa.selenium.remote.service.DriverCommandExecutor.execute(DriverCommandExecutor.java:142)
at org.openqa.selenium.remote.RemoteWebDriver.execute(RemoteWebDriver.java:569)
at org.openqa.selenium.remote.RemoteWebElement.execute(RemoteWebElement.java:257)
at org.openqa.selenium.remote.RemoteWebElement.click(RemoteWebElement.java:78)
at test.Test_itemDetails.dress(Test_itemDetails.java:301)
at java.base/jdk.internal.reflect.NativeMethodAccessorImpl.invoke0(Native Method)
at java.base/jdk.internal.reflect.NativeMethodAccessorImpl.invoke(NativeMethodAccessorImpl.java:77)
at java.base/jdk.internal.reflect.DelegatingMethodAccessorImpl.invoke(DelegatingMethodAccessorImpl.java:43)
at java.base/java.lang.reflect.Method.invoke(Method.java:568)
at org.testng.internal.invokers.MethodInvocationHelper.invokeMethod(MethodInvocationHelper.java:139)
at org.testng.internal.invokers.TestInvoker.invokeMethod(TestInvoker.java:677)
at org.testng.internal.invokers.TestInvoker.invokeTestMethod(TestInvoker.java:221)
at org.testng.internal.invokers.MethodRunner.runInSequence(MethodRunner.java:50)
at org.testng.internal.invokers.TestInvoker$MethodInvocationAgent.invoke(TestInvoker.java:962)
at org.testng.internal.invokers.TestInvoker.invokeTestMethods(TestInvoker.java:194)
at org.testng.internal.invokers.TestMethodWorker.invokeTestMethods(TestMethodWorker.java:148)
at org.testng.internal.invokers.TestMethodWorker.run(TestMethodWorker.java:128)
at java.base/java.util.ArrayList.forEach(ArrayList.java:1511)
at org.testng.TestRunner.privateRun(TestRunner.java:806)
at org.testng.TestRunner.run(TestRunner.java:601)
at org.testng.SuiteRunner.runTest(SuiteRunner.java:433)
at org.testng.SuiteRunner.runSequentially(SuiteRunner.java:427)
at org.testng.SuiteRunner.privateRun(SuiteRunner.java:387)
at org.testng.SuiteRunner.run(SuiteRunner.java:330)
at org.testng.SuiteRunnerWorker.runSuite(SuiteRunnerWorker.java:52)
at org.testng.SuiteRunnerWorker.run(SuiteRunnerWorker.java:95)
at org.testng.TestNG.runSuitesSequentially(TestNG.java:1256)
at org.testng.TestNG.runSuitesLocally(TestNG.java:1176)
at org.testng.TestNG.runSuites(TestNG.java:1099)
at org.testng.TestNG.run(TestNG.java:1067)
at org.testng.remote.AbstractRemoteTestNG.run(AbstractRemoteTestNG.java:115)
at org.testng.remote.RemoteTestNG.initAndRun(RemoteTestNG.java:251)
at org.testng.remote.RemoteTestNG.main(RemoteTestNG.java:77)
]]>
    </error>
  </testcase> <!-- dress -->
  <system-out/>
</testsuite> <!-- test.Test_itemDetails -->
